<?xml version="1.0" encoding="UTF-8"?>
<!-- Generated by org.testng.reporters.JUnitReportReporter -->
<testsuite name="com.goibibo.testCasses.CalenderScrollHoriZontally" tests="1" time="42.584" ignored="0" failures="0" timestamp="26 Sep 2017 11:29:28 GMT" skipped="0" hostname="User-PC" errors="0">
  <testcase name="f" time="42.584" classname="com.goibibo.testCasses.CalenderScrollHoriZontally"/>
</testsuite> <!-- com.goibibo.testCasses.CalenderScrollHoriZontally -->
