<?xml version="1.0" encoding="UTF-8"?>
<!-- Generated by org.testng.reporters.JUnitReportReporter -->
<testsuite name="com.goibibo.testCasses.Calender" tests="1" time="26.616" ignored="0" failures="0" timestamp="26 Sep 2017 07:23:42 GMT" skipped="0" hostname="User-PC" errors="0">
  <testcase name="f" time="26.616" classname="com.goibibo.testCasses.Calender"/>
</testsuite> <!-- com.goibibo.testCasses.Calender -->
