<?xml version="1.0" encoding="UTF-8"?>
<!-- Generated by org.testng.reporters.JUnitReportReporter -->
<testsuite name="com.goibibo.pageClases.Contacts" tests="1" time="41.775" ignored="0" failures="0" timestamp="26 Sep 2017 07:22:50 GMT" skipped="0" hostname="User-PC" errors="0">
  <testcase name="test" time="41.775" classname="com.goibibo.pageClases.Contacts"/>
</testsuite> <!-- com.goibibo.pageClases.Contacts -->
